{"D:\\Codes\\MyProjects\\javascript\\uliian-ts-commons\\src\\hooks\\useModalDetails\\index.tsx": {"path":"D:\\Codes\\MyProjects\\javascript\\uliian-ts-commons\\src\\hooks\\useModalDetails\\index.tsx","all":false,"statementMap":{"0":{"start":{"line":1,"column":0},"end":{"line":1,"column":33}},"1":{"start":{"line":2,"column":0},"end":{"line":2,"column":40}},"2":{"start":{"line":3,"column":0},"end":{"line":3,"column":0}},"3":{"start":{"line":4,"column":0},"end":{"line":4,"column":33}},"4":{"start":{"line":5,"column":0},"end":{"line":5,"column":23}},"5":{"start":{"line":6,"column":0},"end":{"line":6,"column":12}},"6":{"start":{"line":7,"column":0},"end":{"line":7,"column":17}},"7":{"start":{"line":8,"column":0},"end":{"line":8,"column":23}},"8":{"start":{"line":9,"column":0},"end":{"line":9,"column":2}},"9":{"start":{"line":10,"column":0},"end":{"line":10,"column":0}},"10":{"start":{"line":11,"column":0},"end":{"line":11,"column":31}},"11":{"start":{"line":12,"column":0},"end":{"line":12,"column":42}},"12":{"start":{"line":13,"column":0},"end":{"line":13,"column":42}},"13":{"start":{"line":14,"column":0},"end":{"line":14,"column":50}},"14":{"start":{"line":15,"column":0},"end":{"line":15,"column":0}},"15":{"start":{"line":16,"column":0},"end":{"line":16,"column":41}},"16":{"start":{"line":17,"column":0},"end":{"line":17,"column":18}},"17":{"start":{"line":18,"column":0},"end":{"line":18,"column":30}},"18":{"start":{"line":19,"column":0},"end":{"line":19,"column":50}},"19":{"start":{"line":20,"column":0},"end":{"line":20,"column":5}},"20":{"start":{"line":21,"column":0},"end":{"line":21,"column":27}},"21":{"start":{"line":22,"column":0},"end":{"line":22,"column":30}},"22":{"start":{"line":23,"column":0},"end":{"line":23,"column":12}},"23":{"start":{"line":24,"column":0},"end":{"line":24,"column":22}},"24":{"start":{"line":25,"column":0},"end":{"line":25,"column":5}},"25":{"start":{"line":26,"column":0},"end":{"line":26,"column":4}},"26":{"start":{"line":27,"column":0},"end":{"line":27,"column":0}},"27":{"start":{"line":28,"column":0},"end":{"line":28,"column":28}},"28":{"start":{"line":29,"column":0},"end":{"line":29,"column":19}},"29":{"start":{"line":30,"column":0},"end":{"line":30,"column":4}},"30":{"start":{"line":31,"column":0},"end":{"line":31,"column":0}},"31":{"start":{"line":32,"column":0},"end":{"line":32,"column":62}},"32":{"start":{"line":33,"column":0},"end":{"line":33,"column":1}},"33":{"start":{"line":34,"column":0},"end":{"line":34,"column":0}},"34":{"start":{"line":35,"column":0},"end":{"line":35,"column":30}}},"s":{"0":1,"1":1,"2":1,"3":1,"4":1,"5":1,"6":1,"7":1,"8":1,"9":1,"10":2,"11":2,"12":2,"13":2,"14":2,"15":2,"16":1,"17":1,"18":0,"19":0,"20":1,"21":0,"22":1,"23":1,"24":1,"25":2,"26":2,"27":2,"28":0,"29":2,"30":2,"31":2,"32":2,"33":1,"34":1},"branchMap":{"0":{"type":"branch","line":11,"loc":{"start":{"line":11,"column":0},"end":{"line":33,"column":1}},"locations":[{"start":{"line":11,"column":0},"end":{"line":33,"column":1}}]},"1":{"type":"branch","line":16,"loc":{"start":{"line":16,"column":20},"end":{"line":26,"column":3}},"locations":[{"start":{"line":16,"column":20},"end":{"line":26,"column":3}}]},"2":{"type":"branch","line":18,"loc":{"start":{"line":18,"column":29},"end":{"line":20,"column":5}},"locations":[{"start":{"line":18,"column":29},"end":{"line":20,"column":5}}]},"3":{"type":"branch","line":21,"loc":{"start":{"line":21,"column":26},"end":{"line":23,"column":5}},"locations":[{"start":{"line":21,"column":26},"end":{"line":23,"column":5}}]}},"b":{"0":[2],"1":[1],"2":[0],"3":[0]},"fnMap":{"0":{"name":"useModalDetails","decl":{"start":{"line":11,"column":0},"end":{"line":33,"column":1}},"loc":{"start":{"line":11,"column":0},"end":{"line":33,"column":1}},"line":11},"1":{"name":"openModal","decl":{"start":{"line":16,"column":20},"end":{"line":26,"column":3}},"loc":{"start":{"line":16,"column":20},"end":{"line":26,"column":3}},"line":16},"2":{"name":"closeModal","decl":{"start":{"line":28,"column":21},"end":{"line":30,"column":3}},"loc":{"start":{"line":28,"column":21},"end":{"line":30,"column":3}},"line":28}},"f":{"0":2,"1":1,"2":0}}
}
