TN:
SF:src\hooks\useModalDetails\index.tsx
FN:11,useModalDetails
FN:16,openModal
FN:28,closeModal
FNF:3
FNH:2
FNDA:2,useModalDetails
FNDA:1,openModal
FNDA:0,closeModal
DA:1,1
DA:2,1
DA:3,1
DA:4,1
DA:5,1
DA:6,1
DA:7,1
DA:8,1
DA:9,1
DA:10,1
DA:11,2
DA:12,2
DA:13,2
DA:14,2
DA:15,2
DA:16,2
DA:17,1
DA:18,1
DA:19,0
DA:20,0
DA:21,1
DA:22,0
DA:23,1
DA:24,1
DA:25,1
DA:26,2
DA:27,2
DA:28,2
DA:29,0
DA:30,2
DA:31,2
DA:32,2
DA:33,2
DA:34,1
DA:35,1
LF:35
LH:31
BRDA:11,0,0,2
BRDA:16,1,0,1
BRDA:18,2,0,0
BRDA:21,3,0,0
BRF:4
BRH:2
end_of_record
